\BOOKMARK [1][-]{section.1}{\376\377\000L\000i\000m\000i\000t\000s}{}% 1
\BOOKMARK [2][-]{subsection.1.1}{\376\377\000D\000e\000f\000i\000n\000i\000t\000i\000o\000n}{section.1}% 2
\BOOKMARK [3][-]{subsubsection.1.1.1}{\376\377\000P\000r\000o\000v\000i\000s\000i\000o\000n\000a\000l\000\040\000D\000e\000f\000i\000n\000i\000t\000i\000o\000n}{subsection.1.1}% 3
\BOOKMARK [3][-]{subsubsection.1.1.2}{\376\377\000R\000i\000g\000o\000r\000o\000u\000s\000\040\000D\000e\000f\000i\000n\000i\000t\000i\000o\000n}{subsection.1.1}% 4
\BOOKMARK [2][-]{subsection.1.2}{\376\377\000S\000t\000a\000n\000d\000a\000r\000d\000\040\000L\000i\000m\000i\000t\000s}{section.1}% 5
\BOOKMARK [2][-]{subsection.1.3}{\376\377\000O\000t\000h\000e\000r\000\040\000I\000d\000e\000a\000s}{section.1}% 6
\BOOKMARK [3][-]{subsubsection.1.3.1}{\376\377\000U\000n\000i\000q\000u\000e\000n\000e\000s\000s}{subsection.1.3}% 7
\BOOKMARK [3][-]{subsubsection.1.3.2}{\376\377\000S\000e\000q\000u\000e\000n\000t\000i\000a\000l\000\040\000C\000r\000i\000t\000e\000r\000i\000o\000n\000\040\000f\000o\000r\000\040\000E\000x\000i\000s\000t\000e\000n\000c\000e\000\040\000o\000f\000\040\000L\000i\000m\000i\000t\000s}{subsection.1.3}% 8
\BOOKMARK [2][-]{subsection.1.4}{\376\377\000L\000'\000H\000\364\000p\000i\000t\000a\000l\000'\000s\000\040\000R\000u\000l\000e}{section.1}% 9
\BOOKMARK [2][-]{subsection.1.5}{\376\377\000G\000u\000i\000d\000e\000l\000i\000n\000e\000s\000\040\000f\000o\000r\000\040\000E\000v\000a\000l\000u\000a\000t\000i\000n\000g\000\040\000L\000i\000m\000i\000t\000s}{section.1}% 10
\BOOKMARK [2][-]{subsection.1.6}{\376\377\000O\000n\000e\000-\000S\000i\000d\000e\000d\000\040\000L\000i\000m\000i\000t\000s}{section.1}% 11
\BOOKMARK [3][-]{subsubsection.1.6.1}{\376\377\000L\000e\000f\000t\000\040\000H\000a\000n\000d\000\040\000L\000i\000m\000i\000t}{subsection.1.6}% 12
\BOOKMARK [3][-]{subsubsection.1.6.2}{\376\377\000R\000i\000g\000h\000t\000\040\000H\000a\000n\000d\000\040\000L\000i\000m\000i\000t}{subsection.1.6}% 13
\BOOKMARK [2][-]{subsection.1.7}{\376\377\000L\000i\000m\000i\000t\000s\000\040\000t\000o\000\040\000I\000n\000f\000i\000n\000i\000t\000y}{section.1}% 14
\BOOKMARK [3][-]{subsubsection.1.7.1}{\376\377\000I\000n\000t\000u\000i\000t\000i\000o\000n}{subsection.1.7}% 15
\BOOKMARK [3][-]{subsubsection.1.7.2}{\376\377\000F\000o\000r\000m\000a\000l\000\040\000D\000e\000f\000i\000n\000i\000t\000i\000o\000n}{subsection.1.7}% 16
\BOOKMARK [2][-]{subsection.1.8}{\376\377\000C\000l\000u\000s\000t\000e\000r\000\040\000P\000o\000i\000n\000t}{section.1}% 17
\BOOKMARK [2][-]{subsection.1.9}{\376\377\000P\000o\000l\000y\000n\000o\000m\000i\000a\000l\000\040\000A\000p\000p\000r\000o\000x\000i\000m\000a\000t\000i\000o\000n\000\040\000o\000f\000\040\000F\000u\000n\000c\000t\000i\000o\000n\000s\000\040\000t\000o\000\040\000A\000r\000b\000i\000t\000r\000a\000r\000y\000\040\000P\000r\000e\000c\000i\000s\000i\000o\000n}{section.1}% 18
\BOOKMARK [3][-]{subsubsection.1.9.1}{\376\377\000T\000a\000y\000l\000o\000r\000\040\000S\000e\000r\000i\000e\000s}{subsection.1.9}% 19
\BOOKMARK [3][-]{subsubsection.1.9.2}{\376\377\000M\000a\000c\000l\000a\000u\000r\000i\000n\000\040\000S\000e\000r\000i\000e\000s}{subsection.1.9}% 20
\BOOKMARK [1][-]{section.2}{\376\377\000C\000o\000n\000t\000i\000n\000u\000i\000t\000y}{}% 21
\BOOKMARK [2][-]{subsection.2.1}{\376\377\000D\000e\000f\000i\000n\000i\000t\000i\000o\000n}{section.2}% 22
\BOOKMARK [2][-]{subsection.2.2}{\376\377\000C\000o\000n\000t\000i\000n\000u\000i\000t\000y\000\040\000o\000f\000\040\000C\000o\000m\000b\000i\000n\000a\000t\000i\000o\000n\000s\000\040\000o\000f\000\040\000C\000o\000n\000t\000i\000n\000u\000o\000u\000s\000\040\000F\000u\000n\000c\000t\000i\000o\000n\000s}{section.2}% 23
\BOOKMARK [2][-]{subsection.2.3}{\376\377\000C\000o\000n\000t\000i\000n\000u\000i\000t\000y\000\040\000o\000f\000\040\000C\000o\000m\000p\000o\000s\000i\000t\000e\000\040\000F\000u\000n\000c\000t\000i\000o\000n\000s}{section.2}% 24
\BOOKMARK [2][-]{subsection.2.4}{\376\377\000P\000r\000o\000d\000u\000c\000t\000\040\000o\000f\000\040\000C\000o\000n\000t\000i\000n\000u\000o\000u\000s\000\040\000a\000n\000d\000\040\000D\000i\000s\000c\000o\000n\000t\000i\000n\000u\000o\000u\000s\000\040\000F\000u\000n\000c\000t\000i\000o\000n}{section.2}% 25
\BOOKMARK [2][-]{subsection.2.5}{\376\377\000C\000a\000l\000c\000u\000l\000u\000s\000\040\000a\000n\000d\000\040\000Z\000e\000r\000o\000s}{section.2}% 26
\BOOKMARK [3][-]{subsubsection.2.5.1}{\376\377\000W\000a\000r\000m\000-\000U\000p\000\040\000P\000r\000o\000b\000l\000e\000m}{subsection.2.5}% 27
\BOOKMARK [3][-]{subsubsection.2.5.2}{\376\377\000B\000o\000l\000z\000a\000n\000o\000'\000s\000\040\000T\000h\000e\000o\000r\000e\000m}{subsection.2.5}% 28
\BOOKMARK [3][-]{subsubsection.2.5.3}{\376\377\000I\000m\000p\000o\000r\000t\000a\000n\000t\000\040\000R\000e\000s\000u\000l\000t\000s\000\040\000D\000e\000r\000i\000v\000e\000d\000\040\000F\000r\000o\000m\000\040\000B\000o\000l\000z\000a\000n\000o\000'\000s\000\040\000T\000h\000e\000o\000r\000e\000m}{subsection.2.5}% 29
\BOOKMARK [3][-]{subsubsection.2.5.4}{\376\377\000P\000r\000o\000b\000l\000e\000m\000s\000\040\000b\000a\000s\000e\000d\000\040\000o\000n\000\040\000B\000o\000l\000z\000a\000n\000o\000'\000s\000\040\000T\000h\000e\000o\000r\000e\000m}{subsection.2.5}% 30
\BOOKMARK [2][-]{subsection.2.6}{\376\377\000C\000h\000e\000c\000k\000i\000n\000g\000\040\000C\000o\000n\000t\000i\000n\000u\000i\000t\000y\000\040\000o\000f\000\040\000S\000o\000m\000e\000\040\000W\000e\000i\000r\000d\000\040\000F\000u\000n\000c\000t\000i\000o\000n\000s}{section.2}% 31
\BOOKMARK [3][-]{subsubsection.2.6.1}{\376\377\000D\000i\000r\000i\000c\000h\000l\000e\000t\000\040\000F\000u\000n\000c\000t\000i\000o\000n}{subsection.2.6}% 32
\BOOKMARK [3][-]{subsubsection.2.6.2}{\376\377\000T\000h\000o\000m\000a\000e\000'\000s\000\040\000F\000u\000n\000c\000t\000i\000o\000n}{subsection.2.6}% 33
\BOOKMARK [2][-]{subsection.2.7}{\376\377\000T\000h\000e\000\040\000I\000n\000t\000e\000r\000m\000e\000d\000i\000a\000t\000e\000\040\000V\000a\000l\000u\000e\000\040\000T\000h\000e\000o\000r\000e\000m}{section.2}% 34
\BOOKMARK [3][-]{subsubsection.2.7.1}{\376\377\000S\000t\000a\000t\000e\000m\000e\000n\000t\000\040\000a\000n\000d\000\040\000P\000r\000o\000o\000f}{subsection.2.7}% 35
\BOOKMARK [3][-]{subsubsection.2.7.2}{\376\377\000E\000x\000a\000m\000p\000l\000e\000\040\000P\000r\000o\000b\000l\000e\000m\000s}{subsection.2.7}% 36
\BOOKMARK [2][-]{subsection.2.8}{\376\377\000B\000o\000u\000n\000d\000e\000d\000n\000e\000s\000s}{section.2}% 37
\BOOKMARK [3][-]{subsubsection.2.8.1}{\376\377\000D\000e\000f\000i\000n\000i\000t\000i\000o\000n}{subsection.2.8}% 38
\BOOKMARK [2][-]{subsection.2.9}{\376\377\000A\000b\000s\000o\000l\000u\000t\000e\000\040\000M\000a\000x\000i\000m\000a\000\040\000a\000n\000d\000\040\000M\000i\000n\000i\000m\000a}{section.2}% 39
\BOOKMARK [3][-]{subsubsection.2.9.1}{\376\377\000A\000b\000s\000o\000l\000u\000t\000e\000/\000G\000l\000o\000b\000a\000l\000\040\000M\000a\000x\000i\000m\000u\000m}{subsection.2.9}% 40
\BOOKMARK [3][-]{subsubsection.2.9.2}{\376\377\000A\000b\000s\000o\000l\000u\000t\000e\000/\000G\000l\000o\000b\000a\000l\000\040\000M\000i\000n\000i\000m\000u\000m}{subsection.2.9}% 41
\BOOKMARK [2][-]{subsection.2.10}{\376\377\000P\000r\000o\000p\000e\000r\000t\000i\000e\000s\000\040\000o\000f\000\040\000a\000\040\000C\000o\000n\000t\000i\000n\000u\000o\000u\000s\000\040\000F\000u\000n\000c\000t\000i\000o\000n}{section.2}% 42
\BOOKMARK [2][-]{subsection.2.11}{\376\377\000P\000r\000o\000b\000l\000e\000m\000s\000\040\000B\000a\000s\000e\000d\000\040\000o\000n\000\040\000C\000o\000n\000t\000i\000n\000u\000i\000t\000y}{section.2}% 43
\BOOKMARK [1][-]{section.3}{\376\377\000D\000e\000r\000i\000v\000a\000t\000i\000v\000e\000s\000\040\000a\000n\000d\000\040\000D\000i\000f\000f\000e\000r\000e\000n\000t\000i\000a\000b\000i\000l\000i\000t\000y}{}% 44
\BOOKMARK [2][-]{subsection.3.1}{\376\377\000D\000e\000f\000i\000n\000i\000t\000i\000o\000n}{section.3}% 45
\BOOKMARK [3][-]{subsubsection.3.1.1}{\376\377\000L\000e\000f\000t\000-\000H\000a\000n\000d\000\040\000D\000e\000r\000i\000v\000a\000t\000i\000v\000e}{subsection.3.1}% 46
\BOOKMARK [3][-]{subsubsection.3.1.2}{\376\377\000R\000i\000g\000h\000t\000-\000H\000a\000n\000d\000\040\000D\000e\000r\000i\000v\000a\000t\000i\000v\000e}{subsection.3.1}% 47
\BOOKMARK [3][-]{subsubsection.3.1.3}{\376\377\000G\000e\000o\000m\000e\000t\000r\000i\000c\000\040\000I\000n\000t\000u\000i\000t\000i\000o\000n}{subsection.3.1}% 48
\BOOKMARK [2][-]{subsection.3.2}{\376\377\000D\000i\000f\000f\000e\000r\000e\000n\000t\000i\000a\000b\000i\000l\000i\000t\000y\000\040\000I\000m\000p\000l\000i\000e\000s\000\040\000C\000o\000n\000t\000i\000n\000u\000i\000t\000y}{section.3}% 49
\BOOKMARK [2][-]{subsection.3.3}{\376\377\000D\000i\000f\000f\000e\000r\000e\000n\000t\000i\000a\000b\000i\000l\000i\000t\000y\000\040\000o\000f\000\040\000C\000o\000m\000b\000i\000n\000a\000t\000i\000o\000n\000s\000\040\000o\000f\000\040\000D\000i\000f\000f\000e\000r\000e\000n\000t\000i\000a\000b\000l\000e\000\040\000F\000u\000n\000c\000t\000i\000o\000n\000s}{section.3}% 50
\BOOKMARK [2][-]{subsection.3.4}{\376\377\000C\000o\000m\000b\000i\000n\000a\000t\000i\000o\000n\000\040\000o\000f\000\040\000D\000i\000f\000f\000e\000r\000e\000n\000t\000i\000a\000b\000l\000e\000\040\000a\000n\000d\000\040\000N\000o\000n\000-\000D\000i\000f\000f\000e\000r\000e\000n\000t\000i\000a\000b\000l\000e\000\040\000F\000u\000n\000c\000t\000i\000o\000n\000s}{section.3}% 51
\BOOKMARK [2][-]{subsection.3.5}{\376\377\000D\000i\000f\000f\000e\000r\000e\000n\000t\000i\000a\000b\000i\000l\000i\000t\000y\000\040\000o\000f\000\040\000t\000h\000e\000\040\000M\000o\000d\000u\000l\000u\000s\000\040\000F\000u\000n\000c\000t\000i\000o\000n}{section.3}% 52
\BOOKMARK [3][-]{subsubsection.3.5.1}{\376\377\000D\000i\000f\000f\000e\000r\000e\000n\000t\000i\000a\000b\000i\000l\000i\000t\000y\000\040\000o\000f\000\040\000x\000\040\000a\000n\000d\000\040\000x\000\040\000-\000\040\000a\000\040\000w\000h\000e\000r\000e\000\040\000a\000\040\000i\000s\000\040\000C\000o\000n\000s\000t\000a\000n\000t}{subsection.3.5}% 53
\BOOKMARK [3][-]{subsubsection.3.5.2}{\376\377\000D\000i\000f\000f\000e\000r\000e\000n\000t\000i\000a\000b\000i\000l\000i\000t\000y\000\040\000o\000f\000\040\000x\000a\000\040\000w\000h\000e\000r\000e\000\040\000a\000\040\000i\000s\000\040\000C\000o\000n\000s\000t\000a\000n\000t}{subsection.3.5}% 54
\BOOKMARK [2][-]{subsection.3.6}{\376\377\000I\000m\000p\000o\000r\000t\000a\000n\000t\000\040\000R\000e\000s\000u\000l\000t\000\040\000o\000n\000\040\000D\000i\000f\000f\000e\000r\000e\000n\000t\000i\000a\000b\000i\000l\000i\000t\000y}{section.3}% 55
\BOOKMARK [2][-]{subsection.3.7}{\376\377\000L\000e\000i\000b\000n\000i\000z\000\040\000F\000o\000r\000m\000u\000l\000a\000\040\000f\000o\000r\000\040\000D\000e\000r\000i\000v\000a\000t\000i\000v\000e\000s}{section.3}% 56
\BOOKMARK [2][-]{subsection.3.8}{\376\377\000D\000i\000f\000f\000e\000r\000e\000n\000t\000i\000a\000b\000i\000l\000i\000t\000y\000,\000\040\000E\000x\000i\000s\000t\000e\000n\000c\000e\000\040\000o\000f\000\040\000D\000e\000r\000i\000v\000a\000t\000i\000v\000e\000\040\000a\000n\000d\000\040\000C\000o\000n\000t\000i\000n\000u\000i\000t\000y\000\040\000o\000f\000\040\000D\000e\000r\000i\000v\000a\000t\000i\000v\000e}{section.3}% 57
\BOOKMARK [2][-]{subsection.3.9}{\376\377\000S\000t\000a\000n\000d\000a\000r\000d\000\040\000D\000e\000r\000i\000v\000a\000t\000i\000v\000e\000s}{section.3}% 58
\BOOKMARK [1][-]{section.4}{\376\377\000M\000i\000s\000c\000e\000l\000l\000a\000n\000e\000o\000u\000s\000\040\000P\000r\000o\000b\000l\000e\000m\000s\000\040\000o\000n\000\040\000D\000i\000f\000f\000e\000r\000e\000n\000t\000i\000a\000l\000\040\000C\000a\000l\000c\000u\000l\000u\000s}{}% 59
\BOOKMARK [1][-]{section.5}{\376\377\000A\000p\000p\000l\000i\000c\000a\000t\000i\000o\000n\000s\000\040\000o\000f\000\040\000D\000e\000r\000i\000v\000a\000t\000i\000v\000e\000s}{}% 60
\BOOKMARK [2][-]{subsection.5.1}{\376\377\000D\000e\000r\000i\000v\000a\000t\000i\000v\000e\000\040\000a\000s\000\040\000a\000\040\000R\000a\000t\000e\000\040\000o\000f\000\040\000C\000h\000a\000n\000g\000e}{section.5}% 61
\BOOKMARK [2][-]{subsection.5.2}{\376\377\000T\000a\000n\000g\000e\000n\000t\000s\000\040\000a\000n\000d\000\040\000N\000o\000r\000m\000a\000l\000s}{section.5}% 62
\BOOKMARK [3][-]{subsubsection.5.2.1}{\376\377\000E\000q\000u\000a\000t\000i\000o\000n\000\040\000o\000f\000\040\000T\000a\000n\000g\000e\000n\000t\000\040\000a\000t\000\040\000\050\000x\0000\000,\000\040\000y\0000\000\051}{subsection.5.2}% 63
\BOOKMARK [3][-]{subsubsection.5.2.2}{\376\377\000E\000q\000u\000a\000t\000i\000o\000n\000\040\000o\000f\000\040\000N\000o\000r\000m\000a\000l\000\040\000a\000t\000\040\000\050\000x\0000\000,\000\040\000y\0000\000\051}{subsection.5.2}% 64
\BOOKMARK [2][-]{subsection.5.3}{\376\377\000A\000n\000g\000l\000e\000\040\000o\000f\000\040\000I\000n\000t\000e\000r\000s\000e\000c\000t\000i\000o\000n\000\040\000o\000f\000\040\0002\000\040\000C\000u\000r\000v\000e\000s}{section.5}% 65
\BOOKMARK [2][-]{subsection.5.4}{\376\377\000L\000e\000n\000g\000t\000h\000s}{section.5}% 66
\BOOKMARK [3][-]{subsubsection.5.4.1}{\376\377\000L\000e\000n\000g\000t\000h\000\040\000o\000f\000\040\000S\000u\000b\000t\000a\000n\000g\000e\000n\000t}{subsection.5.4}% 67
\BOOKMARK [3][-]{subsubsection.5.4.2}{\376\377\000L\000e\000n\000g\000t\000h\000\040\000o\000f\000\040\000S\000u\000b\000n\000o\000r\000m\000a\000l}{subsection.5.4}% 68
\BOOKMARK [3][-]{subsubsection.5.4.3}{\376\377\000L\000e\000n\000g\000t\000h\000\040\000o\000f\000\040\000T\000a\000n\000g\000e\000n\000t}{subsection.5.4}% 69
\BOOKMARK [3][-]{subsubsection.5.4.4}{\376\377\000L\000e\000n\000g\000t\000h\000\040\000o\000f\000\040\000N\000o\000r\000m\000a\000l}{subsection.5.4}% 70
\BOOKMARK [3][-]{subsubsection.5.4.5}{\376\377\000L\000e\000n\000g\000t\000h\000\040\000o\000f\000\040\000t\000h\000e\000\040\000C\000u\000r\000v\000e\000\040\000f\000r\000o\000m\000\040\000a\000\040\000t\000o\000\040\000b}{subsection.5.4}% 71
\BOOKMARK [3][-]{subsubsection.5.4.6}{\376\377\000R\000a\000d\000i\000u\000s\000\040\000o\000f\000\040\000C\000u\000r\000v\000a\000t\000u\000r\000e}{subsection.5.4}% 72
\BOOKMARK [2][-]{subsection.5.5}{\376\377\000L\000o\000c\000a\000l\000\040\000M\000a\000x\000i\000m\000a\000\040\000a\000n\000d\000\040\000M\000i\000n\000i\000m\000a}{section.5}% 73
\BOOKMARK [3][-]{subsubsection.5.5.1}{\376\377\000L\000o\000c\000a\000l\000\040\000M\000a\000x\000i\000m\000u\000m}{subsection.5.5}% 74
\BOOKMARK [3][-]{subsubsection.5.5.2}{\376\377\000L\000o\000c\000a\000l\000\040\000M\000i\000n\000i\000m\000u\000m}{subsection.5.5}% 75
\BOOKMARK [2][-]{subsection.5.6}{\376\377\000F\000e\000r\000m\000a\000t\000'\000s\000\040\000T\000h\000e\000o\000r\000e\000m}{section.5}% 76
\BOOKMARK [2][-]{subsection.5.7}{\376\377\000R\000o\000l\000l\000e\000'\000s\000\040\000T\000h\000e\000o\000r\000e\000m}{section.5}% 77
\BOOKMARK [3][-]{subsubsection.5.7.1}{\376\377\000C\000o\000n\000c\000l\000u\000s\000i\000o\000n\000s}{subsection.5.7}% 78
\BOOKMARK [2][-]{subsection.5.8}{\376\377\000L\000i\000n\000e\000a\000r\000\040\000D\000i\000f\000f\000e\000r\000e\000n\000t\000i\000a\000l\000\040\000E\000q\000u\000a\000t\000i\000o\000n\000\040\000a\000n\000d\000\040\000I\000n\000e\000q\000u\000a\000l\000i\000t\000y}{section.5}% 79
\BOOKMARK [2][-]{subsection.5.9}{\376\377\000D\000a\000r\000b\000o\000u\000x\000'\000s\000\040\000T\000h\000e\000o\000r\000e\000m}{section.5}% 80
\BOOKMARK [2][-]{subsection.5.10}{\376\377\000M\000u\000l\000t\000i\000p\000l\000i\000c\000i\000t\000y\000\040\000o\000f\000\040\000R\000o\000o\000t\000s\000\040\000a\000n\000d\000\040\000R\000o\000l\000l\000e\000'\000s\000\040\000T\000h\000e\000o\000r\000e\000m}{section.5}% 81
\BOOKMARK [2][-]{subsection.5.11}{\376\377\000P\000r\000o\000b\000l\000e\000m\000s\000\040\000o\000n\000\040\000R\000o\000l\000l\000e\000'\000s\000\040\000T\000h\000e\000o\000r\000e\000m\000\040\000a\000n\000d\000\040\000R\000o\000o\000t\000s}{section.5}% 82
\BOOKMARK [2][-]{subsection.5.12}{\376\377\000M\000e\000a\000n\000\040\000V\000a\000l\000u\000e\000\040\000T\000h\000e\000o\000r\000e\000m\000s}{section.5}% 83
\BOOKMARK [3][-]{subsubsection.5.12.1}{\376\377\000L\000a\000g\000r\000a\000n\000g\000e\000'\000s\000\040\000M\000e\000a\000n\000\040\000V\000a\000l\000u\000e\000\040\000T\000h\000e\000o\000r\000e\000m}{subsection.5.12}% 84
\BOOKMARK [3][-]{subsubsection.5.12.2}{\376\377\000C\000a\000u\000c\000h\000y\000'\000s\000\040\000M\000e\000a\000n\000\040\000V\000a\000l\000u\000e\000\040\000T\000h\000e\000o\000r\000e\000m}{subsection.5.12}% 85
\BOOKMARK [3][-]{subsubsection.5.12.3}{\376\377\000I\000m\000p\000o\000r\000t\000a\000n\000t\000\040\000R\000e\000s\000u\000l\000t\000\040\000f\000r\000o\000m\000\040\000L\000a\000g\000r\000a\000n\000g\000e\000'\000s\000\040\000M\000e\000a\000n\000\040\000V\000a\000l\000u\000e\000\040\000T\000h\000e\000o\000r\000e\000m}{subsection.5.12}% 86
\BOOKMARK [3][-]{subsubsection.5.12.4}{\376\377\000E\000x\000a\000m\000p\000l\000e\000\040\000P\000r\000o\000b\000l\000e\000m\000s}{subsection.5.12}% 87
\BOOKMARK [3][-]{subsubsection.5.12.5}{\376\377\000D\000i\000f\000f\000e\000r\000e\000n\000t\000i\000a\000t\000i\000o\000n\000\040\000o\000f\000\040\000D\000e\000t\000e\000r\000m\000i\000n\000a\000n\000t\000s}{subsection.5.12}% 88
\BOOKMARK [3][-]{subsubsection.5.12.6}{\376\377\000T\000h\000e\000\040\000G\000e\000n\000e\000r\000a\000l\000\040\000M\000e\000a\000n\000\040\000V\000a\000l\000u\000e\000\040\000T\000h\000e\000o\000r\000e\000m}{subsection.5.12}% 89
\BOOKMARK [2][-]{subsection.5.13}{\376\377\000M\000o\000n\000o\000t\000o\000n\000i\000c\000i\000t\000y}{section.5}% 90
\BOOKMARK [3][-]{subsubsection.5.13.1}{\376\377\000D\000e\000f\000i\000n\000i\000t\000i\000o\000n\000s}{subsection.5.13}% 91
\BOOKMARK [3][-]{subsubsection.5.13.2}{\376\377\000P\000r\000o\000p\000e\000r\000t\000i\000e\000s}{subsection.5.13}% 92
\BOOKMARK [3][-]{subsubsection.5.13.3}{\376\377\000P\000r\000o\000b\000l\000e\000m\000s}{subsection.5.13}% 93
\BOOKMARK [2][-]{subsection.5.14}{\376\377\000T\000e\000s\000t\000i\000n\000g\000\040\000f\000o\000r\000\040\000L\000o\000c\000a\000l\000\040\000M\000a\000x\000i\000m\000a\000\040\000a\000n\000d\000\040\000M\000i\000n\000i\000m\000a}{section.5}% 94
\BOOKMARK [2][-]{subsection.5.15}{\376\377\000C\000o\000n\000c\000a\000v\000i\000t\000y}{section.5}% 95
\BOOKMARK [3][-]{subsubsection.5.15.1}{\376\377\000M\000a\000t\000h\000e\000m\000a\000t\000i\000c\000a\000l\000\040\000C\000o\000n\000d\000i\000t\000i\000o\000n\000\040\000f\000o\000r\000\040\000a\000\040\000F\000u\000n\000c\000t\000i\000o\000n\000\040\000t\000o\000\040\000b\000e\000\040\000C\000o\000n\000c\000a\000v\000e\000\040\000U\000p}{subsection.5.15}% 96
\BOOKMARK [3][-]{subsubsection.5.15.2}{\376\377\000P\000r\000o\000p\000e\000r\000t\000i\000e\000s}{subsection.5.15}% 97
\BOOKMARK [2][-]{subsection.5.16}{\376\377\000I\000n\000f\000l\000e\000c\000t\000i\000o\000n\000\040\000P\000o\000i\000n\000t\000s}{section.5}% 98
\BOOKMARK [2][-]{subsection.5.17}{\376\377\000J\000e\000n\000s\000e\000n\000'\000s\000\040\000I\000n\000e\000q\000u\000a\000l\000i\000t\000y}{section.5}% 99
\BOOKMARK [3][-]{subsubsection.5.17.1}{\376\377\000P\000r\000o\000o\000f\000\040\000o\000f\000\040\000t\000h\000e\000\040\000A\000M\000-\000G\000M\000\040\000I\000n\000e\000q\000u\000a\000l\000i\000t\000y}{subsection.5.17}% 100
\BOOKMARK [3][-]{subsubsection.5.17.2}{\376\377\000P\000r\000o\000b\000l\000e\000m\000s}{subsection.5.17}% 101
\BOOKMARK [2][-]{subsection.5.18}{\376\377\000P\000r\000o\000b\000l\000e\000m\000s\000\040\000o\000n\000\040\000F\000u\000n\000c\000t\000i\000o\000n\000a\000l\000\040\000E\000q\000u\000a\000t\000i\000o\000n\000s}{section.5}% 102
\BOOKMARK [2][-]{subsection.5.19}{\376\377\000A\000p\000p\000r\000o\000x\000i\000m\000a\000t\000i\000o\000n\000s}{section.5}% 103
\BOOKMARK [3][-]{subsubsection.5.19.1}{\376\377\000F\000i\000r\000s\000t\000\040\000O\000r\000d\000e\000r\000\040\000A\000p\000p\000r\000o\000x\000i\000m\000a\000t\000i\000o\000n\000s}{subsection.5.19}% 104
\BOOKMARK [1][-]{section.6}{\376\377\000T\000h\000e\000\040\000A\000n\000t\000i\000d\000e\000r\000i\000v\000a\000t\000i\000v\000e}{}% 105
\BOOKMARK [2][-]{subsection.6.1}{\376\377\000T\000h\000e\000\040\000F\000i\000r\000s\000t\000\040\000F\000u\000n\000d\000a\000m\000e\000n\000t\000a\000l\000\040\000T\000h\000e\000o\000r\000e\000m\000\040\000o\000f\000\040\000C\000a\000l\000c\000u\000l\000u\000s}{section.6}% 106
\BOOKMARK [2][-]{subsection.6.2}{\376\377\000D\000e\000f\000i\000n\000i\000t\000i\000o\000n\000\040\000o\000f\000\040\000t\000h\000e\000\040\000A\000n\000t\000i\000d\000e\000r\000i\000v\000a\000t\000i\000v\000e}{section.6}% 107
\BOOKMARK [2][-]{subsection.6.3}{\376\377\000P\000r\000o\000p\000e\000r\000t\000i\000e\000s\000\040\000o\000f\000\040\000t\000h\000e\000\040\000A\000n\000t\000i\000d\000e\000r\000i\000v\000a\000t\000i\000v\000e}{section.6}% 108
\BOOKMARK [2][-]{subsection.6.4}{\376\377\000S\000t\000a\000n\000d\000a\000r\000d\000\040\000I\000n\000t\000e\000g\000r\000a\000l\000s}{section.6}% 109
\BOOKMARK [2][-]{subsection.6.5}{\376\377\000I\000n\000t\000e\000g\000r\000a\000t\000i\000o\000n\000\040\000b\000y\000\040\000T\000r\000a\000n\000s\000f\000o\000r\000m\000a\000t\000i\000o\000n\000\040\000a\000n\000d\000\040\000A\000d\000j\000u\000s\000t\000m\000e\000n\000t}{section.6}% 110
\BOOKMARK [2][-]{subsection.6.6}{\376\377\000I\000n\000t\000e\000g\000r\000a\000t\000i\000o\000n\000\040\000B\000y\000\040\000S\000u\000b\000s\000t\000i\000t\000u\000t\000i\000o\000n}{section.6}% 111
\BOOKMARK [2][-]{subsection.6.7}{\376\377\000I\000n\000t\000e\000g\000r\000a\000t\000i\000o\000n\000\040\000b\000y\000\040\000P\000a\000r\000t\000s}{section.6}% 112
\BOOKMARK [2][-]{subsection.6.8}{\376\377\000T\000h\000e\000\040\000M\000e\000t\000h\000o\000d\000\040\000o\000f\000\040\000I\000n\000d\000e\000f\000i\000n\000i\000t\000e\000\040\000C\000o\000e\000f\000f\000i\000c\000i\000e\000n\000t\000s}{section.6}% 113
\BOOKMARK [3][-]{subsubsection.6.8.1}{\376\377\000F\000o\000r\000\040\000P\000o\000l\000y\000n\000o\000m\000i\000a\000l\000\040\000F\000u\000n\000c\000t\000i\000o\000n\000s}{subsection.6.8}% 114
\BOOKMARK [3][-]{subsubsection.6.8.2}{\376\377\000F\000o\000r\000\040\000T\000r\000i\000g\000o\000n\000o\000m\000e\000t\000r\000i\000c\000\040\000F\000u\000n\000c\000t\000i\000o\000n\000s}{subsection.6.8}% 115
\BOOKMARK [2][-]{subsection.6.9}{\376\377\000I\000n\000t\000e\000g\000r\000a\000l\000s\000\040\000o\000f\000\040\000t\000h\000e\000\040\000f\000o\000r\000m\000\040\000e\000x\000\040\000\050\000\040\000f\000\050\000x\000\051\000\040\000+\000\040\000f\000'\000\050\000x\000\051\000\040\000\051\000\040\000`\0003\003\001\0009\000`\0004\0002\000`\000"\003\007\0006\0001\0003\000A\000`\000`\0004\0005\000`\0004\0007\000`\000"\0006\0000\0003\000A\000d\000\040\000x}{section.6}% 116
\BOOKMARK [2][-]{subsection.6.10}{\376\377\000G\000e\000n\000e\000r\000a\000l\000\040\000F\000o\000r\000m\000u\000l\000a\000\040\000f\000o\000r\000\040\000I\000n\000t\000e\000g\000r\000a\000t\000i\000o\000n\000\040\000b\000y\000\040\000P\000a\000r\000t\000s}{section.6}% 117
\BOOKMARK [2][-]{subsection.6.11}{\376\377\000R\000e\000d\000u\000c\000t\000i\000o\000n\000\040\000F\000o\000r\000m\000u\000l\000a\000s}{section.6}% 118
\BOOKMARK [2][-]{subsection.6.12}{\376\377\000I\000n\000t\000e\000g\000r\000a\000t\000i\000o\000n\000\040\000o\000f\000\040\000R\000a\000t\000i\000o\000n\000a\000l\000\040\000F\000u\000n\000c\000t\000i\000o\000n\000s\000\040\000a\000n\000d\000\040\000I\000n\000t\000e\000g\000r\000a\000t\000i\000o\000n\000\040\000b\000y\000\040\000P\000a\000r\000t\000i\000a\000l\000\040\000F\000r\000a\000c\000t\000i\000o\000n\000s}{section.6}% 119
\BOOKMARK [3][-]{subsubsection.6.12.1}{\376\377\000I\000n\000t\000e\000g\000r\000a\000t\000i\000o\000n\000\040\000b\000y\000\040\000P\000a\000r\000t\000i\000a\000l\000\040\000F\000r\000a\000c\000t\000i\000o\000n\000s}{subsection.6.12}% 120
\BOOKMARK [2][-]{subsection.6.13}{\376\377\000I\000n\000t\000e\000g\000r\000a\000t\000i\000o\000n\000\040\000o\000f\000\040\000I\000r\000r\000a\000t\000i\000o\000n\000a\000l\000\040\000F\000u\000n\000c\000t\000i\000o\000n\000s}{section.6}% 121
\BOOKMARK [3][-]{subsubsection.6.13.1}{\376\377\000T\000y\000p\000e\000\040\0001\000:}{subsection.6.13}% 122
\BOOKMARK [3][-]{subsubsection.6.13.2}{\376\377\000T\000y\000p\000e\000\040\0002\000:}{subsection.6.13}% 123
\BOOKMARK [3][-]{subsubsection.6.13.3}{\376\377\000T\000y\000p\000e\000\040\0003\000:}{subsection.6.13}% 124
\BOOKMARK [3][-]{subsubsection.6.13.4}{\376\377\000T\000y\000p\000e\000\040\0004\000:}{subsection.6.13}% 125
\BOOKMARK [3][-]{subsubsection.6.13.5}{\376\377\000T\000y\000p\000e\000\040\0005\000:}{subsection.6.13}% 126
\BOOKMARK [2][-]{subsection.6.14}{\376\377\000O\000t\000h\000e\000r\000\040\000`\000`\000S\000p\000e\000c\000i\000a\000l\000"\000\040\000I\000n\000t\000e\000g\000r\000a\000l\000s}{section.6}% 127
\BOOKMARK [3][-]{subsubsection.6.14.1}{\376\377\000W\000h\000e\000n\000\040\000t\000h\000e\000\040\000D\000e\000n\000o\000m\000i\000n\000a\000t\000o\000r\000\040\000i\000s\000\040\000a\000\040\000Q\000u\000a\000d\000r\000a\000t\000i\000c\000\040\000i\000n\000\040\000x\0002}{subsection.6.14}% 128
\BOOKMARK [3][-]{subsubsection.6.14.2}{\376\377\000S\000p\000e\000c\000i\000a\000l\000\040\000I\000n\000t\000e\000g\000r\000a\000l\000s\000\040\000I\000n\000v\000o\000l\000v\000i\000n\000g\000\040\000S\000i\000n\000e\000\040\000a\000n\000d\000\040\000C\000o\000s\000i\000n\000e}{subsection.6.14}% 129
\BOOKMARK [1][-]{section.7}{\376\377\000D\000e\000f\000i\000n\000i\000t\000e\000\040\000I\000n\000t\000e\000g\000r\000a\000l\000s}{}% 130
\BOOKMARK [2][-]{subsection.7.1}{\376\377\000T\000h\000e\000\040\000S\000e\000c\000o\000n\000d\000\040\000F\000u\000n\000d\000a\000m\000e\000n\000t\000a\000l\000\040\000T\000h\000e\000o\000r\000e\000m\000\040\000o\000f\000\040\000C\000a\000l\000c\000u\000l\000u\000s}{section.7}% 131
\BOOKMARK [2][-]{subsection.7.2}{\376\377\000G\000e\000o\000m\000e\000t\000r\000i\000c\000a\000l\000\040\000I\000n\000t\000e\000r\000p\000r\000e\000t\000a\000t\000i\000o\000n}{section.7}% 132
\BOOKMARK [2][-]{subsection.7.3}{\376\377\000E\000x\000a\000m\000p\000l\000e\000s}{section.7}% 133
\BOOKMARK [2][-]{subsection.7.4}{\376\377\000P\000r\000o\000p\000e\000r\000t\000i\000e\000s\000\040\000o\000f\000\040\000D\000e\000f\000i\000n\000i\000t\000e\000\040\000I\000n\000t\000e\000g\000r\000a\000l\000s}{section.7}% 134
\BOOKMARK [2][-]{subsection.7.5}{\376\377\000S\000u\000b\000s\000t\000i\000t\000u\000t\000i\000o\000n\000\040\000i\000n\000\040\000D\000e\000f\000i\000n\000i\000t\000e\000\040\000I\000n\000t\000e\000g\000r\000a\000l\000s}{section.7}% 135
\BOOKMARK [2][-]{subsection.7.6}{\376\377\000D\000e\000r\000i\000v\000a\000t\000i\000v\000e\000\040\000o\000f\000\040\000a\000n\000\040\000I\000n\000t\000e\000g\000r\000a\000l\000\040\000a\000n\000d\000\040\000L\000e\000i\000b\000n\000i\000z\000'\000\040\000F\000o\000r\000m\000u\000l\000a}{section.7}% 136
\BOOKMARK [2][-]{subsection.7.7}{\376\377\000N\000e\000w\000t\000o\000n\000'\000s\000\040\000P\000r\000o\000p\000o\000s\000i\000t\000i\000o\000n}{section.7}% 137
\BOOKMARK [3][-]{subsubsection.7.7.1}{\376\377\000F\000o\000r\000m\000a\000l\000\040\000P\000r\000o\000o\000f}{subsection.7.7}% 138
\BOOKMARK [3][-]{subsubsection.7.7.2}{\376\377\000G\000e\000o\000m\000e\000t\000r\000i\000c\000\040\000I\000n\000t\000u\000i\000t\000i\000o\000n}{subsection.7.7}% 139
\BOOKMARK [2][-]{subsection.7.8}{\376\377\000Y\000o\000u\000n\000g\000'\000s\000\040\000I\000n\000e\000q\000u\000a\000l\000i\000t\000y}{section.7}% 140
\BOOKMARK [3][-]{subsubsection.7.8.1}{\376\377\000F\000o\000r\000m\000a\000l\000\040\000P\000r\000o\000o\000f}{subsection.7.8}% 141
\BOOKMARK [3][-]{subsubsection.7.8.2}{\376\377\000G\000r\000a\000p\000h\000i\000c\000a\000l\000\040\000I\000n\000t\000u\000i\000t\000i\000o\000n}{subsection.7.8}% 142
\BOOKMARK [2][-]{subsection.7.9}{\376\377\000P\000r\000o\000b\000l\000e\000m\000s}{section.7}% 143
\BOOKMARK [2][-]{subsection.7.10}{\376\377\000C\000o\000m\000p\000a\000r\000i\000s\000o\000n\000\040\000T\000h\000e\000o\000r\000e\000m}{section.7}% 144
\BOOKMARK [3][-]{subsubsection.7.10.1}{\376\377\000S\000t\000a\000t\000e\000m\000e\000n\000t}{subsection.7.10}% 145
\BOOKMARK [3][-]{subsubsection.7.10.2}{\376\377\000C\000o\000r\000o\000l\000l\000a\000r\000i\000e\000s}{subsection.7.10}% 146
\BOOKMARK [3][-]{subsubsection.7.10.3}{\376\377\000P\000r\000o\000b\000l\000e\000m\000s}{subsection.7.10}% 147
\BOOKMARK [2][-]{subsection.7.11}{\376\377\000A\000v\000e\000r\000a\000g\000e\000\040\000V\000a\000l\000u\000e\000\040\000o\000f\000\040\000a\000\040\000F\000u\000n\000c\000t\000i\000o\000n}{section.7}% 148
\BOOKMARK [2][-]{subsection.7.12}{\376\377\000M\000e\000a\000n\000\040\000V\000a\000l\000u\000e\000\040\000T\000h\000e\000o\000r\000e\000m\000s\000\040\000f\000o\000r\000\040\000I\000n\000t\000e\000g\000r\000a\000l\000s}{section.7}% 149
\BOOKMARK [3][-]{subsubsection.7.12.1}{\376\377\000T\000h\000e\000\040\000G\000e\000n\000e\000r\000a\000l\000\040\000M\000e\000a\000n\000\040\000V\000a\000l\000u\000e\000\040\000T\000h\000e\000o\000r\000e\000m\000s}{subsection.7.12}% 150
\BOOKMARK [2][-]{subsection.7.13}{\376\377\000E\000s\000t\000i\000m\000a\000t\000i\000o\000n\000\040\000o\000f\000\040\000I\000n\000t\000e\000g\000r\000a\000l\000s}{section.7}% 151
\BOOKMARK [3][-]{subsubsection.7.13.1}{\376\377\000M\000e\000t\000h\000o\000d\000\040\000-\000\040\0001\000:\000\040\000C\000o\000m\000p\000a\000r\000i\000s\000o\000n\000\040\000T\000h\000e\000o\000r\000e\000m}{subsection.7.13}% 152
\BOOKMARK [3][-]{subsubsection.7.13.2}{\376\377\000M\000e\000t\000h\000o\000d\000\040\000-\000\040\0002\000:\000\040\000U\000s\000i\000n\000g\000\040\000a\000\040\000M\000i\000n\000i\000m\000u\000m\000\040\000a\000n\000d\000\040\000M\000a\000x\000i\000m\000u\000m\000\040\000V\000a\000l\000u\000e}{subsection.7.13}% 153
\BOOKMARK [3][-]{subsubsection.7.13.3}{\376\377\000M\000e\000t\000h\000o\000d\000\040\000-\000\040\0003\000:\000\040\000M\000e\000a\000n\000\040\000V\000a\000l\000u\000e\000\040\000T\000h\000e\000o\000r\000e\000m\000\040\000f\000o\000r\000\040\000I\000n\000t\000e\000g\000r\000a\000l\000s}{subsection.7.13}% 154
\BOOKMARK [3][-]{subsubsection.7.13.4}{\376\377\000M\000e\000t\000h\000o\000d\000\040\000-\000\040\0004\000:\000\040\000G\000e\000n\000e\000r\000a\000l\000\040\000M\000e\000a\000n\000\040\000v\000a\000l\000u\000e\000\040\000T\000h\000e\000o\000r\000e\000m\000\040\000f\000o\000r\000\040\000I\000n\000t\000e\000g\000r\000a\000l\000s}{subsection.7.13}% 155
\BOOKMARK [3][-]{subsubsection.7.13.5}{\376\377\000M\000e\000t\000h\000o\000d\000\040\000-\000\040\0005\000:\000\040\000C\000a\000u\000c\000h\000y\000-\000S\000c\000h\000w\000a\000r\000z\000\040\000I\000n\000e\000q\000u\000a\000l\000i\000t\000y}{subsection.7.13}% 156
\BOOKMARK [3][-]{subsubsection.7.13.6}{\376\377\000M\000e\000t\000h\000o\000d\000\040\000-\000\040\0006\000:\000\040\000E\000s\000t\000i\000m\000a\000t\000i\000o\000n\000\040\000B\000a\000s\000e\000d\000\040\000o\000n\000\040\000S\000h\000a\000p\000e\000s}{subsection.7.13}% 157
\BOOKMARK [2][-]{subsection.7.14}{\376\377\000R\000e\000d\000u\000c\000t\000i\000o\000n\000\040\000F\000o\000r\000m\000u\000l\000a\000e}{section.7}% 158
\BOOKMARK [3][-]{subsubsection.7.14.1}{\376\377\000T\000h\000e\000\040\000B\000e\000t\000a\000\040\000F\000u\000n\000c\000t\000i\000o\000n}{subsection.7.14}% 159
\BOOKMARK [3][-]{subsubsection.7.14.2}{\376\377\000W\000a\000l\000l\000i\000s\000\040\000P\000r\000o\000d\000u\000c\000t\000\040\000a\000n\000d\000\040\0000\000/\0002\000\040\000s\000i\000n\000n\000\050\000x\000\051\000\040\000`\0003\003\001\0009\000`\0004\0002\000`\000"\003\007\0006\0001\0003\000A\000`\000`\0004\0005\000`\0004\0007\000`\000"\0006\0000\0003\000A\000d\000\040\000x}{subsection.7.14}% 160
\BOOKMARK [3][-]{subsubsection.7.14.3}{\376\377\000A\000n\000o\000t\000h\000e\000r\000\040\000W\000a\000l\000l\000i\000s\000\040\000I\000n\000t\000e\000g\000r\000a\000l}{subsection.7.14}% 161
\BOOKMARK [3][-]{subsubsection.7.14.4}{\376\377\000F\000i\000n\000d\000i\000n\000g\000\040\0000\000\040\000e\000-\000x\0002\000\040\000`\0003\003\001\0009\000`\0004\0002\000`\000"\003\007\0006\0001\0003\000A\000`\000`\0004\0005\000`\0004\0007\000`\000"\0006\0000\0003\000A\000d\000\040\000x}{subsection.7.14}% 162
\BOOKMARK [3][-]{subsubsection.7.14.5}{\376\377\000T\000h\000e\000\040\000G\000a\000m\000m\000a\000\040\000F\000u\000n\000c\000t\000i\000o\000n}{subsection.7.14}% 163
\BOOKMARK [2][-]{subsection.7.15}{\376\377\000F\000e\000y\000n\000m\000a\000n\000'\000s\000\040\000T\000e\000c\000h\000n\000i\000q\000u\000e\000\040\000f\000o\000r\000\040\000I\000n\000t\000e\000g\000r\000a\000t\000i\000o\000n}{section.7}% 164
\BOOKMARK [2][-]{subsection.7.16}{\376\377\000I\000n\000t\000e\000g\000r\000a\000l\000\040\000a\000s\000\040\000t\000h\000e\000\040\000L\000i\000m\000i\000t\000\040\000o\000f\000\040\000a\000\040\000S\000u\000m}{section.7}% 165
\BOOKMARK [3][-]{subsubsection.7.16.1}{\376\377\000C\000o\000n\000d\000i\000t\000i\000o\000n\000\040\000f\000o\000r\000\040\000I\000n\000t\000e\000g\000r\000a\000b\000i\000l\000i\000t\000y}{subsection.7.16}% 166
\BOOKMARK [3][-]{subsubsection.7.16.2}{\376\377\000D\000e\000f\000i\000n\000i\000n\000g\000\040\000t\000h\000e\000\040\000I\000n\000t\000e\000g\000r\000a\000l\000\040\000a\000s\000\040\000t\000h\000e\000\040\000L\000i\000m\000i\000t\000\040\000o\000f\000\040\000a\000\040\000S\000u\000m}{subsection.7.16}% 167
\BOOKMARK [2][-]{subsection.7.17}{\376\377\000A\000r\000e\000a\000s}{section.7}% 168
\BOOKMARK [3][-]{subsubsection.7.17.1}{\376\377\000G\000a\000b\000r\000i\000e\000l\000'\000s\000\040\000H\000o\000r\000n\000\040\000a\000n\000d\000\040\000t\000h\000e\000\040\000P\000a\000i\000n\000t\000e\000r\000'\000s\000\040\000P\000a\000r\000a\000d\000o\000x}{subsection.7.17}% 169
\BOOKMARK [1][-]{section.8}{\376\377\000D\000i\000f\000f\000e\000r\000e\000n\000t\000i\000a\000l\000\040\000E\000q\000u\000a\000t\000i\000o\000n\000s}{}% 170
\BOOKMARK [2][-]{subsection.8.1}{\376\377\000I\000n\000t\000r\000o\000d\000u\000c\000t\000i\000o\000n}{section.8}% 171
\BOOKMARK [2][-]{subsection.8.2}{\376\377\000O\000r\000d\000e\000r\000\040\000a\000n\000d\000\040\000D\000e\000g\000r\000e\000e}{section.8}% 172
\BOOKMARK [3][-]{subsubsection.8.2.1}{\376\377\000H\000e\000u\000r\000i\000s\000t\000i\000c\000s\000\040\000f\000o\000r\000\040\000F\000i\000n\000d\000i\000n\000g\000\040\000D\000e\000g\000r\000e\000e}{subsection.8.2}% 173
\BOOKMARK [2][-]{subsection.8.3}{\376\377\000S\000o\000l\000u\000t\000i\000o\000n\000s\000\040\000o\000f\000\040\000D\000i\000f\000f\000e\000r\000e\000n\000t\000i\000a\000l\000\040\000E\000q\000u\000a\000t\000i\000o\000n\000s}{section.8}% 174
\BOOKMARK [3][-]{subsubsection.8.3.1}{\376\377\000G\000e\000n\000e\000r\000a\000l\000\040\000S\000o\000l\000u\000t\000i\000o\000n}{subsection.8.3}% 175
\BOOKMARK [3][-]{subsubsection.8.3.2}{\376\377\000P\000a\000r\000t\000i\000c\000u\000l\000a\000r\000\040\000S\000o\000l\000u\000t\000i\000o\000n}{subsection.8.3}% 176
\BOOKMARK [3][-]{subsubsection.8.3.3}{\376\377\000S\000i\000n\000g\000u\000l\000a\000r\000\040\000S\000o\000l\000u\000t\000i\000o\000n}{subsection.8.3}% 177
\BOOKMARK [2][-]{subsection.8.4}{\376\377\000F\000o\000r\000m\000i\000n\000g\000\040\000D\000i\000f\000f\000e\000r\000e\000n\000t\000i\000a\000l\000\040\000E\000q\000u\000a\000t\000i\000o\000n\000s\000\040\000f\000r\000o\000m\000\040\000t\000h\000e\000\040\000G\000e\000n\000e\000r\000a\000l\000\040\000S\000o\000l\000u\000t\000i\000o\000n}{section.8}% 178
\BOOKMARK [2][-]{subsection.8.5}{\376\377\000S\000o\000l\000v\000i\000n\000g\000\040\000F\000i\000r\000s\000t\000\040\000O\000r\000d\000e\000r\000\040\000a\000n\000d\000\040\000F\000i\000r\000s\000t\000\040\000D\000e\000g\000r\000e\000e\000\040\000D\000i\000f\000f\000e\000r\000e\000n\000t\000i\000a\000l\000\040\000E\000q\000u\000a\000t\000i\000o\000n\000s}{section.8}% 179
\BOOKMARK [3][-]{subsubsection.8.5.1}{\376\377\000S\000e\000p\000a\000r\000a\000b\000l\000e\000\040\000D\000i\000f\000f\000e\000r\000e\000n\000t\000i\000a\000l\000\040\000E\000q\000u\000a\000t\000i\000o\000n\000s}{subsection.8.5}% 180
\BOOKMARK [3][-]{subsubsection.8.5.2}{\376\377\000R\000e\000d\000u\000c\000i\000b\000l\000e\000\040\000t\000o\000\040\000S\000e\000p\000a\000r\000a\000b\000l\000e\000\040\000F\000o\000r\000m}{subsection.8.5}% 181
\BOOKMARK [3][-]{subsubsection.8.5.3}{\376\377\000H\000o\000m\000o\000g\000e\000n\000e\000o\000u\000s\000\040\000D\000i\000f\000f\000e\000r\000e\000n\000t\000i\000a\000l\000\040\000E\000q\000u\000a\000t\000i\000o\000n}{subsection.8.5}% 182
